{
  "/Users/naren/DevBox/polkadot-bulletin-chain/sdk/typescript/src/async-client.ts": {
    "path": "/Users/naren/DevBox/polkadot-bulletin-chain/sdk/typescript/src/async-client.ts",
    "all": true,
    "statementMap": {
      "0": {
        "start": { "line": 1, "column": 0 },
        "end": { "line": 1, "column": 46 }
      },
      "72": {
        "start": { "line": 73, "column": 0 },
        "end": { "line": 73, "column": 27 }
      },
      "74": {
        "start": { "line": 75, "column": 0 },
        "end": { "line": 75, "column": 63 }
      },
      "77": {
        "start": { "line": 78, "column": 0 },
        "end": { "line": 78, "column": 14 }
      },
      "78": {
        "start": { "line": 79, "column": 0 },
        "end": { "line": 79, "column": 40 }
      },
      "79": {
        "start": { "line": 80, "column": 0 },
        "end": { "line": 80, "column": 30 }
      },
      "80": {
        "start": { "line": 81, "column": 0 },
        "end": { "line": 81, "column": 5 }
      },
      "82": {
        "start": { "line": 83, "column": 0 },
        "end": { "line": 83, "column": 67 }
      },
      "83": {
        "start": { "line": 84, "column": 0 },
        "end": { "line": 84, "column": 3 }
      },
      "86": {
        "start": { "line": 87, "column": 0 },
        "end": { "line": 87, "column": 36 }
      },
      "87": {
        "start": { "line": 88, "column": 0 },
        "end": { "line": 88, "column": 34 }
      },
      "88": {
        "start": { "line": 89, "column": 0 },
        "end": { "line": 89, "column": 16 }
      },
      "89": {
        "start": { "line": 90, "column": 0 },
        "end": { "line": 90, "column": 3 }
      },
      "92": {
        "start": { "line": 93, "column": 0 },
        "end": { "line": 93, "column": 53 }
      },
      "93": {
        "start": { "line": 94, "column": 0 },
        "end": { "line": 94, "column": 46 }
      },
      "94": {
        "start": { "line": 95, "column": 0 },
        "end": { "line": 95, "column": 16 }
      },
      "95": {
        "start": { "line": 96, "column": 0 },
        "end": { "line": 96, "column": 3 }
      },
      "98": {
        "start": { "line": 99, "column": 0 },
        "end": { "line": 99, "column": 41 }
      },
      "99": {
        "start": { "line": 100, "column": 0 },
        "end": { "line": 100, "column": 44 }
      },
      "100": {
        "start": { "line": 101, "column": 0 },
        "end": { "line": 101, "column": 16 }
      },
      "101": {
        "start": { "line": 102, "column": 0 },
        "end": { "line": 102, "column": 3 }
      },
      "104": {
        "start": { "line": 105, "column": 0 },
        "end": { "line": 105, "column": 44 }
      },
      "105": {
        "start": { "line": 106, "column": 0 },
        "end": { "line": 106, "column": 27 }
      },
      "106": {
        "start": { "line": 107, "column": 0 },
        "end": { "line": 107, "column": 16 }
      },
      "107": {
        "start": { "line": 108, "column": 0 },
        "end": { "line": 108, "column": 3 }
      },
      "110": {
        "start": { "line": 111, "column": 0 },
        "end": { "line": 111, "column": 50 }
      },
      "111": {
        "start": { "line": 112, "column": 0 },
        "end": { "line": 112, "column": 29 }
      },
      "112": {
        "start": { "line": 113, "column": 0 },
        "end": { "line": 113, "column": 16 }
      },
      "113": {
        "start": { "line": 114, "column": 0 },
        "end": { "line": 114, "column": 3 }
      },
      "116": {
        "start": { "line": 117, "column": 0 },
        "end": { "line": 117, "column": 38 }
      },
      "117": {
        "start": { "line": 118, "column": 0 },
        "end": { "line": 118, "column": 80 }
      },
      "118": {
        "start": { "line": 119, "column": 0 },
        "end": { "line": 119, "column": 3 }
      },
      "136": {
        "start": { "line": 137, "column": 0 },
        "end": { "line": 137, "column": 46 }
      },
      "137": {
        "start": { "line": 138, "column": 0 },
        "end": { "line": 138, "column": 45 }
      },
      "138": {
        "start": { "line": 139, "column": 0 },
        "end": { "line": 139, "column": 16 }
      },
      "139": {
        "start": { "line": 140, "column": 0 },
        "end": { "line": 140, "column": 19 }
      },
      "140": {
        "start": { "line": 141, "column": 0 },
        "end": { "line": 141, "column": 20 }
      },
      "141": {
        "start": { "line": 142, "column": 0 },
        "end": { "line": 142, "column": 6 }
      },
      "142": {
        "start": { "line": 143, "column": 0 },
        "end": { "line": 143, "column": 3 }
      },
      "143": {
        "start": { "line": 144, "column": 0 },
        "end": { "line": 144, "column": 1 }
      },
      "169": {
        "start": { "line": 170, "column": 0 },
        "end": { "line": 170, "column": 34 }
      },
      "189": {
        "start": { "line": 190, "column": 0 },
        "end": { "line": 190, "column": 14 }
      },
      "190": {
        "start": { "line": 191, "column": 0 },
        "end": { "line": 191, "column": 13 }
      },
      "191": {
        "start": { "line": 192, "column": 0 },
        "end": { "line": 192, "column": 27 }
      },
      "192": {
        "start": { "line": 193, "column": 0 },
        "end": { "line": 193, "column": 40 }
      },
      "193": {
        "start": { "line": 194, "column": 0 },
        "end": { "line": 194, "column": 5 }
      },
      "194": {
        "start": { "line": 195, "column": 0 },
        "end": { "line": 195, "column": 19 }
      },
      "195": {
        "start": { "line": 196, "column": 0 },
        "end": { "line": 196, "column": 25 }
      },
      "196": {
        "start": { "line": 197, "column": 0 },
        "end": { "line": 197, "column": 19 }
      },
      "197": {
        "start": { "line": 198, "column": 0 },
        "end": { "line": 198, "column": 73 }
      },
      "198": {
        "start": { "line": 199, "column": 0 },
        "end": { "line": 199, "column": 44 }
      },
      "199": {
        "start": { "line": 200, "column": 0 },
        "end": { "line": 200, "column": 53 }
      },
      "200": {
        "start": { "line": 201, "column": 0 },
        "end": { "line": 201, "column": 79 }
      },
      "201": {
        "start": { "line": 202, "column": 0 },
        "end": { "line": 202, "column": 37 }
      },
      "202": {
        "start": { "line": 203, "column": 0 },
        "end": { "line": 203, "column": 55 }
      },
      "203": {
        "start": { "line": 204, "column": 0 },
        "end": { "line": 204, "column": 6 }
      },
      "204": {
        "start": { "line": 205, "column": 0 },
        "end": { "line": 205, "column": 3 }
      },
      "212": {
        "start": { "line": 213, "column": 0 },
        "end": { "line": 213, "column": 38 }
      },
      "213": {
        "start": { "line": 214, "column": 0 },
        "end": { "line": 214, "column": 27 }
      },
      "214": {
        "start": { "line": 215, "column": 0 },
        "end": { "line": 215, "column": 16 }
      },
      "215": {
        "start": { "line": 216, "column": 0 },
        "end": { "line": 216, "column": 3 }
      },
      "223": {
        "start": { "line": 224, "column": 0 },
        "end": { "line": 224, "column": 58 }
      },
      "228": {
        "start": { "line": 229, "column": 0 },
        "end": { "line": 229, "column": 6 }
      },
      "229": {
        "start": { "line": 230, "column": 0 },
        "end": { "line": 230, "column": 55 }
      },
      "230": {
        "start": { "line": 231, "column": 0 },
        "end": { "line": 231, "column": 12 }
      },
      "231": {
        "start": { "line": 232, "column": 0 },
        "end": { "line": 232, "column": 36 }
      },
      "232": {
        "start": { "line": 233, "column": 0 },
        "end": { "line": 233, "column": 28 }
      },
      "233": {
        "start": { "line": 234, "column": 0 },
        "end": { "line": 234, "column": 40 }
      },
      "234": {
        "start": { "line": 235, "column": 0 },
        "end": { "line": 235, "column": 28 }
      },
      "235": {
        "start": { "line": 236, "column": 0 },
        "end": { "line": 236, "column": 6 }
      },
      "236": {
        "start": { "line": 237, "column": 0 },
        "end": { "line": 237, "column": 3 }
      },
      "248": {
        "start": { "line": 249, "column": 0 },
        "end": { "line": 249, "column": 42 }
      },
      "249": {
        "start": { "line": 250, "column": 0 },
        "end": { "line": 250, "column": 12 }
      },
      "250": {
        "start": { "line": 251, "column": 0 },
        "end": { "line": 251, "column": 40 }
      },
      "251": {
        "start": { "line": 252, "column": 0 },
        "end": { "line": 252, "column": 54 }
      },
      "258": {
        "start": { "line": 259, "column": 0 },
        "end": { "line": 259, "column": 6 }
      },
      "259": {
        "start": { "line": 260, "column": 0 },
        "end": { "line": 260, "column": 45 }
      },
      "260": {
        "start": { "line": 261, "column": 0 },
        "end": { "line": 261, "column": 27 }
      },
      "261": {
        "start": { "line": 262, "column": 0 },
        "end": { "line": 262, "column": 37 }
      },
      "263": {
        "start": { "line": 264, "column": 0 },
        "end": { "line": 264, "column": 73 }
      },
      "264": {
        "start": { "line": 265, "column": 0 },
        "end": { "line": 265, "column": 28 }
      },
      "266": {
        "start": { "line": 267, "column": 0 },
        "end": { "line": 267, "column": 37 }
      },
      "267": {
        "start": { "line": 268, "column": 0 },
        "end": { "line": 268, "column": 41 }
      },
      "268": {
        "start": { "line": 269, "column": 0 },
        "end": { "line": 269, "column": 35 }
      },
      "269": {
        "start": { "line": 270, "column": 0 },
        "end": { "line": 270, "column": 67 }
      },
      "270": {
        "start": { "line": 271, "column": 0 },
        "end": { "line": 271, "column": 13 }
      },
      "271": {
        "start": { "line": 272, "column": 0 },
        "end": { "line": 272, "column": 11 }
      },
      "274": {
        "start": { "line": 275, "column": 0 },
        "end": { "line": 275, "column": 62 }
      },
      "275": {
        "start": { "line": 276, "column": 0 },
        "end": { "line": 276, "column": 54 }
      },
      "276": {
        "start": { "line": 277, "column": 0 },
        "end": { "line": 277, "column": 11 }
      },
      "279": {
        "start": { "line": 280, "column": 0 },
        "end": { "line": 280, "column": 60 }
      },
      "280": {
        "start": { "line": 281, "column": 0 },
        "end": { "line": 281, "column": 35 }
      },
      "281": {
        "start": { "line": 282, "column": 0 },
        "end": { "line": 282, "column": 32 }
      },
      "282": {
        "start": { "line": 283, "column": 0 },
        "end": { "line": 283, "column": 35 }
      },
      "283": {
        "start": { "line": 284, "column": 0 },
        "end": { "line": 284, "column": 41 }
      },
      "284": {
        "start": { "line": 285, "column": 0 },
        "end": { "line": 285, "column": 45 }
      },
      "285": {
        "start": { "line": 286, "column": 0 },
        "end": { "line": 286, "column": 40 }
      },
      "286": {
        "start": { "line": 287, "column": 0 },
        "end": { "line": 287, "column": 17 }
      },
      "287": {
        "start": { "line": 288, "column": 0 },
        "end": { "line": 288, "column": 13 }
      },
      "290": {
        "start": { "line": 291, "column": 0 },
        "end": { "line": 291, "column": 56 }
      },
      "291": {
        "start": { "line": 292, "column": 0 },
        "end": { "line": 292, "column": 30 }
      },
      "292": {
        "start": { "line": 293, "column": 0 },
        "end": { "line": 293, "column": 41 }
      },
      "295": {
        "start": { "line": 296, "column": 0 },
        "end": { "line": 296, "column": 50 }
      },
      "296": {
        "start": { "line": 297, "column": 0 },
        "end": { "line": 297, "column": 30 }
      },
      "297": {
        "start": { "line": 298, "column": 0 },
        "end": { "line": 298, "column": 51 }
      },
      "298": {
        "start": { "line": 299, "column": 0 },
        "end": { "line": 299, "column": 29 }
      },
      "299": {
        "start": { "line": 300, "column": 0 },
        "end": { "line": 300, "column": 82 }
      },
      "300": {
        "start": { "line": 301, "column": 0 },
        "end": { "line": 301, "column": 18 }
      },
      "301": {
        "start": { "line": 302, "column": 0 },
        "end": { "line": 302, "column": 69 }
      },
      "302": {
        "start": { "line": 303, "column": 0 },
        "end": { "line": 303, "column": 62 }
      },
      "303": {
        "start": { "line": 304, "column": 0 },
        "end": { "line": 304, "column": 17 }
      },
      "304": {
        "start": { "line": 305, "column": 0 },
        "end": { "line": 305, "column": 15 }
      },
      "306": {
        "start": { "line": 307, "column": 0 },
        "end": { "line": 307, "column": 23 }
      },
      "307": {
        "start": { "line": 308, "column": 0 },
        "end": { "line": 308, "column": 41 }
      },
      "308": {
        "start": { "line": 309, "column": 0 },
        "end": { "line": 309, "column": 37 }
      },
      "309": {
        "start": { "line": 310, "column": 0 },
        "end": { "line": 310, "column": 45 }
      },
      "310": {
        "start": { "line": 311, "column": 0 },
        "end": { "line": 311, "column": 37 }
      },
      "311": {
        "start": { "line": 312, "column": 0 },
        "end": { "line": 312, "column": 34 }
      },
      "312": {
        "start": { "line": 313, "column": 0 },
        "end": { "line": 313, "column": 17 }
      },
      "313": {
        "start": { "line": 314, "column": 0 },
        "end": { "line": 314, "column": 13 }
      },
      "314": {
        "start": { "line": 315, "column": 0 },
        "end": { "line": 315, "column": 11 }
      },
      "317": {
        "start": { "line": 318, "column": 0 },
        "end": { "line": 318, "column": 40 }
      },
      "318": {
        "start": { "line": 319, "column": 0 },
        "end": { "line": 319, "column": 35 }
      },
      "319": {
        "start": { "line": 320, "column": 0 },
        "end": { "line": 320, "column": 32 }
      },
      "320": {
        "start": { "line": 321, "column": 0 },
        "end": { "line": 321, "column": 34 }
      },
      "321": {
        "start": { "line": 322, "column": 0 },
        "end": { "line": 322, "column": 41 }
      },
      "322": {
        "start": { "line": 323, "column": 0 },
        "end": { "line": 323, "column": 45 }
      },
      "323": {
        "start": { "line": 324, "column": 0 },
        "end": { "line": 324, "column": 40 }
      },
      "324": {
        "start": { "line": 325, "column": 0 },
        "end": { "line": 325, "column": 17 }
      },
      "325": {
        "start": { "line": 326, "column": 0 },
        "end": { "line": 326, "column": 13 }
      },
      "327": {
        "start": { "line": 328, "column": 0 },
        "end": { "line": 328, "column": 28 }
      },
      "328": {
        "start": { "line": 329, "column": 0 },
        "end": { "line": 329, "column": 30 }
      },
      "329": {
        "start": { "line": 330, "column": 0 },
        "end": { "line": 330, "column": 41 }
      },
      "332": {
        "start": { "line": 333, "column": 0 },
        "end": { "line": 333, "column": 50 }
      },
      "333": {
        "start": { "line": 334, "column": 0 },
        "end": { "line": 334, "column": 30 }
      },
      "334": {
        "start": { "line": 335, "column": 0 },
        "end": { "line": 335, "column": 51 }
      },
      "335": {
        "start": { "line": 336, "column": 0 },
        "end": { "line": 336, "column": 29 }
      },
      "336": {
        "start": { "line": 337, "column": 0 },
        "end": { "line": 337, "column": 82 }
      },
      "337": {
        "start": { "line": 338, "column": 0 },
        "end": { "line": 338, "column": 18 }
      },
      "338": {
        "start": { "line": 339, "column": 0 },
        "end": { "line": 339, "column": 69 }
      },
      "339": {
        "start": { "line": 340, "column": 0 },
        "end": { "line": 340, "column": 62 }
      },
      "340": {
        "start": { "line": 341, "column": 0 },
        "end": { "line": 341, "column": 17 }
      },
      "341": {
        "start": { "line": 342, "column": 0 },
        "end": { "line": 342, "column": 15 }
      },
      "343": {
        "start": { "line": 344, "column": 0 },
        "end": { "line": 344, "column": 23 }
      },
      "344": {
        "start": { "line": 345, "column": 0 },
        "end": { "line": 345, "column": 41 }
      },
      "345": {
        "start": { "line": 346, "column": 0 },
        "end": { "line": 346, "column": 37 }
      },
      "346": {
        "start": { "line": 347, "column": 0 },
        "end": { "line": 347, "column": 45 }
      },
      "347": {
        "start": { "line": 348, "column": 0 },
        "end": { "line": 348, "column": 37 }
      },
      "348": {
        "start": { "line": 349, "column": 0 },
        "end": { "line": 349, "column": 34 }
      },
      "349": {
        "start": { "line": 350, "column": 0 },
        "end": { "line": 350, "column": 17 }
      },
      "350": {
        "start": { "line": 351, "column": 0 },
        "end": { "line": 351, "column": 13 }
      },
      "351": {
        "start": { "line": 352, "column": 0 },
        "end": { "line": 352, "column": 11 }
      },
      "352": {
        "start": { "line": 353, "column": 0 },
        "end": { "line": 353, "column": 10 }
      },
      "353": {
        "start": { "line": 354, "column": 0 },
        "end": { "line": 354, "column": 30 }
      },
      "354": {
        "start": { "line": 355, "column": 0 },
        "end": { "line": 355, "column": 26 }
      },
      "355": {
        "start": { "line": 356, "column": 0 },
        "end": { "line": 356, "column": 28 }
      },
      "356": {
        "start": { "line": 357, "column": 0 },
        "end": { "line": 357, "column": 24 }
      },
      "357": {
        "start": { "line": 358, "column": 0 },
        "end": { "line": 358, "column": 11 }
      },
      "358": {
        "start": { "line": 359, "column": 0 },
        "end": { "line": 359, "column": 10 }
      },
      "359": {
        "start": { "line": 360, "column": 0 },
        "end": { "line": 360, "column": 9 }
      },
      "362": {
        "start": { "line": 363, "column": 0 },
        "end": { "line": 363, "column": 24 }
      },
      "363": {
        "start": { "line": 364, "column": 0 },
        "end": { "line": 364, "column": 24 }
      },
      "364": {
        "start": { "line": 365, "column": 0 },
        "end": { "line": 365, "column": 26 }
      },
      "365": {
        "start": { "line": 366, "column": 0 },
        "end": { "line": 366, "column": 37 }
      },
      "366": {
        "start": { "line": 367, "column": 0 },
        "end": { "line": 367, "column": 72 }
      },
      "367": {
        "start": { "line": 368, "column": 0 },
        "end": { "line": 368, "column": 9 }
      },
      "368": {
        "start": { "line": 369, "column": 0 },
        "end": { "line": 369, "column": 17 }
      },
      "369": {
        "start": { "line": 370, "column": 0 },
        "end": { "line": 370, "column": 7 }
      },
      "370": {
        "start": { "line": 371, "column": 0 },
        "end": { "line": 371, "column": 3 }
      },
      "399": {
        "start": { "line": 400, "column": 0 },
        "end": { "line": 400, "column": 50 }
      },
      "400": {
        "start": { "line": 401, "column": 0 },
        "end": { "line": 401, "column": 40 }
      },
      "401": {
        "start": { "line": 402, "column": 0 },
        "end": { "line": 402, "column": 3 }
      },
      "411": {
        "start": { "line": 412, "column": 0 },
        "end": { "line": 412, "column": 25 }
      },
      "412": {
        "start": { "line": 413, "column": 0 },
        "end": { "line": 413, "column": 30 }
      },
      "413": {
        "start": { "line": 414, "column": 0 },
        "end": { "line": 414, "column": 27 }
      },
      "414": {
        "start": { "line": 415, "column": 0 },
        "end": { "line": 415, "column": 40 }
      },
      "415": {
        "start": { "line": 416, "column": 0 },
        "end": { "line": 416, "column": 27 }
      },
      "417": {
        "start": { "line": 418, "column": 0 },
        "end": { "line": 418, "column": 73 }
      },
      "418": {
        "start": { "line": 419, "column": 0 },
        "end": { "line": 419, "column": 33 }
      },
      "419": {
        "start": { "line": 420, "column": 0 },
        "end": { "line": 420, "column": 68 }
      },
      "420": {
        "start": { "line": 421, "column": 0 },
        "end": { "line": 421, "column": 5 }
      },
      "423": {
        "start": { "line": 424, "column": 0 },
        "end": { "line": 424, "column": 59 }
      },
      "425": {
        "start": { "line": 426, "column": 0 },
        "end": { "line": 426, "column": 39 }
      },
      "426": {
        "start": { "line": 427, "column": 0 },
        "end": { "line": 427, "column": 18 }
      },
      "427": {
        "start": { "line": 428, "column": 0 },
        "end": { "line": 428, "column": 18 }
      },
      "428": {
        "start": { "line": 429, "column": 0 },
        "end": { "line": 429, "column": 16 }
      },
      "429": {
        "start": { "line": 430, "column": 0 },
        "end": { "line": 430, "column": 25 }
      },
      "430": {
        "start": { "line": 431, "column": 0 },
        "end": { "line": 431, "column": 8 }
      },
      "431": {
        "start": { "line": 432, "column": 0 },
        "end": { "line": 432, "column": 12 }
      },
      "433": {
        "start": { "line": 434, "column": 0 },
        "end": { "line": 434, "column": 76 }
      },
      "434": {
        "start": { "line": 435, "column": 0 },
        "end": { "line": 435, "column": 5 }
      },
      "435": {
        "start": { "line": 436, "column": 0 },
        "end": { "line": 436, "column": 3 }
      },
      "440": {
        "start": { "line": 441, "column": 0 },
        "end": { "line": 441, "column": 36 }
      },
      "441": {
        "start": { "line": 442, "column": 0 },
        "end": { "line": 442, "column": 21 }
      },
      "442": {
        "start": { "line": 443, "column": 0 },
        "end": { "line": 443, "column": 27 }
      },
      "443": {
        "start": { "line": 444, "column": 0 },
        "end": { "line": 444, "column": 40 }
      },
      "444": {
        "start": { "line": 445, "column": 0 },
        "end": { "line": 445, "column": 27 }
      },
      "445": {
        "start": { "line": 446, "column": 0 },
        "end": { "line": 446, "column": 28 }
      },
      "446": {
        "start": { "line": 447, "column": 0 },
        "end": { "line": 447, "column": 68 }
      },
      "447": {
        "start": { "line": 448, "column": 0 },
        "end": { "line": 448, "column": 5 }
      },
      "449": {
        "start": { "line": 450, "column": 0 },
        "end": { "line": 450, "column": 58 }
      },
      "452": {
        "start": { "line": 453, "column": 0 },
        "end": { "line": 453, "column": 51 }
      },
      "453": {
        "start": { "line": 454, "column": 0 },
        "end": { "line": 454, "column": 90 }
      },
      "456": {
        "start": { "line": 457, "column": 0 },
        "end": { "line": 457, "column": 44 }
      },
      "457": {
        "start": { "line": 458, "column": 0 },
        "end": { "line": 458, "column": 62 }
      },
      "459": {
        "start": { "line": 460, "column": 0 },
        "end": { "line": 460, "column": 66 }
      },
      "461": {
        "start": { "line": 462, "column": 0 },
        "end": { "line": 462, "column": 9 }
      },
      "462": {
        "start": { "line": 463, "column": 0 },
        "end": { "line": 463, "column": 55 }
      },
      "463": {
        "start": { "line": 464, "column": 0 },
        "end": { "line": 464, "column": 31 }
      },
      "464": {
        "start": { "line": 465, "column": 0 },
        "end": { "line": 465, "column": 9 }
      },
      "467": {
        "start": { "line": 468, "column": 0 },
        "end": { "line": 468, "column": 37 }
      },
      "468": {
        "start": { "line": 469, "column": 0 },
        "end": { "line": 469, "column": 77 }
      },
      "469": {
        "start": { "line": 470, "column": 0 },
        "end": { "line": 470, "column": 48 }
      },
      "471": {
        "start": { "line": 472, "column": 0 },
        "end": { "line": 472, "column": 14 }
      },
      "472": {
        "start": { "line": 473, "column": 0 },
        "end": { "line": 473, "column": 12 }
      },
      "473": {
        "start": { "line": 474, "column": 0 },
        "end": { "line": 474, "column": 26 }
      },
      "474": {
        "start": { "line": 475, "column": 0 },
        "end": { "line": 475, "column": 40 }
      },
      "475": {
        "start": { "line": 476, "column": 0 },
        "end": { "line": 476, "column": 97 }
      },
      "476": {
        "start": { "line": 477, "column": 0 },
        "end": { "line": 477, "column": 26 }
      },
      "477": {
        "start": { "line": 478, "column": 0 },
        "end": { "line": 478, "column": 8 }
      },
      "478": {
        "start": { "line": 479, "column": 0 },
        "end": { "line": 479, "column": 21 }
      },
      "479": {
        "start": { "line": 480, "column": 0 },
        "end": { "line": 480, "column": 30 }
      },
      "480": {
        "start": { "line": 481, "column": 0 },
        "end": { "line": 481, "column": 41 }
      },
      "481": {
        "start": { "line": 482, "column": 0 },
        "end": { "line": 482, "column": 29 }
      },
      "482": {
        "start": { "line": 483, "column": 0 },
        "end": { "line": 483, "column": 14 }
      },
      "483": {
        "start": { "line": 484, "column": 0 },
        "end": { "line": 484, "column": 8 }
      },
      "484": {
        "start": { "line": 485, "column": 0 },
        "end": { "line": 485, "column": 5 }
      },
      "485": {
        "start": { "line": 486, "column": 0 },
        "end": { "line": 486, "column": 3 }
      },
      "490": {
        "start": { "line": 491, "column": 0 },
        "end": { "line": 491, "column": 37 }
      },
      "491": {
        "start": { "line": 492, "column": 0 },
        "end": { "line": 492, "column": 21 }
      },
      "492": {
        "start": { "line": 493, "column": 0 },
        "end": { "line": 493, "column": 36 }
      },
      "493": {
        "start": { "line": 494, "column": 0 },
        "end": { "line": 494, "column": 27 }
      },
      "494": {
        "start": { "line": 495, "column": 0 },
        "end": { "line": 495, "column": 40 }
      },
      "495": {
        "start": { "line": 496, "column": 0 },
        "end": { "line": 496, "column": 27 }
      },
      "496": {
        "start": { "line": 497, "column": 0 },
        "end": { "line": 497, "column": 42 }
      },
      "497": {
        "start": { "line": 498, "column": 0 },
        "end": { "line": 498, "column": 32 }
      },
      "498": {
        "start": { "line": 499, "column": 0 },
        "end": { "line": 499, "column": 67 }
      },
      "499": {
        "start": { "line": 500, "column": 0 },
        "end": { "line": 500, "column": 66 }
      },
      "500": {
        "start": { "line": 501, "column": 0 },
        "end": { "line": 501, "column": 75 }
      },
      "501": {
        "start": { "line": 502, "column": 0 },
        "end": { "line": 502, "column": 6 }
      },
      "503": {
        "start": { "line": 504, "column": 0 },
        "end": { "line": 504, "column": 58 }
      },
      "506": {
        "start": { "line": 507, "column": 0 },
        "end": { "line": 507, "column": 56 }
      },
      "507": {
        "start": { "line": 508, "column": 0 },
        "end": { "line": 508, "column": 39 }
      },
      "509": {
        "start": { "line": 510, "column": 0 },
        "end": { "line": 510, "column": 32 }
      },
      "512": {
        "start": { "line": 513, "column": 0 },
        "end": { "line": 513, "column": 33 }
      },
      "513": {
        "start": { "line": 514, "column": 0 },
        "end": { "line": 514, "column": 29 }
      },
      "514": {
        "start": { "line": 515, "column": 0 },
        "end": { "line": 515, "column": 26 }
      },
      "515": {
        "start": { "line": 516, "column": 0 },
        "end": { "line": 516, "column": 32 }
      },
      "516": {
        "start": { "line": 517, "column": 0 },
        "end": { "line": 517, "column": 29 }
      },
      "517": {
        "start": { "line": 518, "column": 0 },
        "end": { "line": 518, "column": 31 }
      },
      "518": {
        "start": { "line": 519, "column": 0 },
        "end": { "line": 519, "column": 11 }
      },
      "519": {
        "start": { "line": 520, "column": 0 },
        "end": { "line": 520, "column": 7 }
      },
      "521": {
        "start": { "line": 522, "column": 0 },
        "end": { "line": 522, "column": 11 }
      },
      "522": {
        "start": { "line": 523, "column": 0 },
        "end": { "line": 523, "column": 39 }
      },
      "523": {
        "start": { "line": 524, "column": 0 },
        "end": { "line": 524, "column": 21 }
      },
      "524": {
        "start": { "line": 525, "column": 0 },
        "end": { "line": 525, "column": 40 }
      },
      "525": {
        "start": { "line": 526, "column": 0 },
        "end": { "line": 526, "column": 33 }
      },
      "526": {
        "start": { "line": 527, "column": 0 },
        "end": { "line": 527, "column": 10 }
      },
      "527": {
        "start": { "line": 528, "column": 0 },
        "end": { "line": 528, "column": 24 }
      },
      "529": {
        "start": { "line": 530, "column": 0 },
        "end": { "line": 530, "column": 57 }
      },
      "530": {
        "start": { "line": 531, "column": 0 },
        "end": { "line": 531, "column": 39 }
      },
      "531": {
        "start": { "line": 532, "column": 0 },
        "end": { "line": 532, "column": 11 }
      },
      "532": {
        "start": { "line": 533, "column": 0 },
        "end": { "line": 533, "column": 46 }
      },
      "534": {
        "start": { "line": 535, "column": 0 },
        "end": { "line": 535, "column": 28 }
      },
      "536": {
        "start": { "line": 537, "column": 0 },
        "end": { "line": 537, "column": 31 }
      },
      "537": {
        "start": { "line": 538, "column": 0 },
        "end": { "line": 538, "column": 28 }
      },
      "538": {
        "start": { "line": 539, "column": 0 },
        "end": { "line": 539, "column": 36 }
      },
      "539": {
        "start": { "line": 540, "column": 0 },
        "end": { "line": 540, "column": 31 }
      },
      "540": {
        "start": { "line": 541, "column": 0 },
        "end": { "line": 541, "column": 33 }
      },
      "541": {
        "start": { "line": 542, "column": 0 },
        "end": { "line": 542, "column": 16 }
      },
      "542": {
        "start": { "line": 543, "column": 0 },
        "end": { "line": 543, "column": 13 }
      },
      "543": {
        "start": { "line": 544, "column": 0 },
        "end": { "line": 544, "column": 9 }
      },
      "544": {
        "start": { "line": 545, "column": 0 },
        "end": { "line": 545, "column": 23 }
      },
      "545": {
        "start": { "line": 546, "column": 0 },
        "end": { "line": 546, "column": 31 }
      },
      "546": {
        "start": { "line": 547, "column": 0 },
        "end": { "line": 547, "column": 28 }
      },
      "547": {
        "start": { "line": 548, "column": 0 },
        "end": { "line": 548, "column": 33 }
      },
      "548": {
        "start": { "line": 549, "column": 0 },
        "end": { "line": 549, "column": 31 }
      },
      "549": {
        "start": { "line": 550, "column": 0 },
        "end": { "line": 550, "column": 33 }
      },
      "550": {
        "start": { "line": 551, "column": 0 },
        "end": { "line": 551, "column": 34 }
      },
      "551": {
        "start": { "line": 552, "column": 0 },
        "end": { "line": 552, "column": 13 }
      },
      "552": {
        "start": { "line": 553, "column": 0 },
        "end": { "line": 553, "column": 9 }
      },
      "553": {
        "start": { "line": 554, "column": 0 },
        "end": { "line": 554, "column": 20 }
      },
      "554": {
        "start": { "line": 555, "column": 0 },
        "end": { "line": 555, "column": 7 }
      },
      "555": {
        "start": { "line": 556, "column": 0 },
        "end": { "line": 556, "column": 5 }
      },
      "558": {
        "start": { "line": 559, "column": 0 },
        "end": { "line": 559, "column": 37 }
      },
      "559": {
        "start": { "line": 560, "column": 0 },
        "end": { "line": 560, "column": 39 }
      },
      "560": {
        "start": { "line": 561, "column": 0 },
        "end": { "line": 561, "column": 29 }
      },
      "561": {
        "start": { "line": 562, "column": 0 },
        "end": { "line": 562, "column": 55 }
      },
      "562": {
        "start": { "line": 563, "column": 0 },
        "end": { "line": 563, "column": 7 }
      },
      "564": {
        "start": { "line": 565, "column": 0 },
        "end": { "line": 565, "column": 45 }
      },
      "565": {
        "start": { "line": 566, "column": 0 },
        "end": { "line": 566, "column": 75 }
      },
      "567": {
        "start": { "line": 568, "column": 0 },
        "end": { "line": 568, "column": 63 }
      },
      "568": {
        "start": { "line": 569, "column": 0 },
        "end": { "line": 569, "column": 44 }
      },
      "569": {
        "start": { "line": 570, "column": 0 },
        "end": { "line": 570, "column": 9 }
      },
      "570": {
        "start": { "line": 571, "column": 0 },
        "end": { "line": 571, "column": 52 }
      },
      "572": {
        "start": { "line": 573, "column": 0 },
        "end": { "line": 573, "column": 37 }
      },
      "574": {
        "start": { "line": 575, "column": 0 },
        "end": { "line": 575, "column": 29 }
      },
      "575": {
        "start": { "line": 576, "column": 0 },
        "end": { "line": 576, "column": 26 }
      },
      "576": {
        "start": { "line": 577, "column": 0 },
        "end": { "line": 577, "column": 35 }
      },
      "577": {
        "start": { "line": 578, "column": 0 },
        "end": { "line": 578, "column": 32 }
      },
      "578": {
        "start": { "line": 579, "column": 0 },
        "end": { "line": 579, "column": 11 }
      },
      "579": {
        "start": { "line": 580, "column": 0 },
        "end": { "line": 580, "column": 7 }
      },
      "580": {
        "start": { "line": 581, "column": 0 },
        "end": { "line": 581, "column": 5 }
      },
      "582": {
        "start": { "line": 583, "column": 0 },
        "end": { "line": 583, "column": 27 }
      },
      "583": {
        "start": { "line": 584, "column": 0 },
        "end": { "line": 584, "column": 59 }
      },
      "584": {
        "start": { "line": 585, "column": 0 },
        "end": { "line": 585, "column": 5 }
      },
      "586": {
        "start": { "line": 587, "column": 0 },
        "end": { "line": 587, "column": 51 }
      },
      "588": {
        "start": { "line": 589, "column": 0 },
        "end": { "line": 589, "column": 12 }
      },
      "589": {
        "start": { "line": 590, "column": 0 },
        "end": { "line": 590, "column": 22 }
      },
      "590": {
        "start": { "line": 591, "column": 0 },
        "end": { "line": 591, "column": 24 }
      },
      "591": {
        "start": { "line": 592, "column": 0 },
        "end": { "line": 592, "column": 29 }
      },
      "592": {
        "start": { "line": 593, "column": 0 },
        "end": { "line": 593, "column": 32 }
      },
      "593": {
        "start": { "line": 594, "column": 0 },
        "end": { "line": 594, "column": 15 }
      },
      "594": {
        "start": { "line": 595, "column": 0 },
        "end": { "line": 595, "column": 18 }
      },
      "595": {
        "start": { "line": 596, "column": 0 },
        "end": { "line": 596, "column": 33 }
      },
      "596": {
        "start": { "line": 597, "column": 0 },
        "end": { "line": 597, "column": 8 }
      },
      "597": {
        "start": { "line": 598, "column": 0 },
        "end": { "line": 598, "column": 6 }
      },
      "598": {
        "start": { "line": 599, "column": 0 },
        "end": { "line": 599, "column": 3 }
      },
      "612": {
        "start": { "line": 613, "column": 0 },
        "end": { "line": 613, "column": 21 }
      },
      "613": {
        "start": { "line": 614, "column": 0 },
        "end": { "line": 614, "column": 30 }
      },
      "614": {
        "start": { "line": 615, "column": 0 },
        "end": { "line": 615, "column": 36 }
      },
      "615": {
        "start": { "line": 616, "column": 0 },
        "end": { "line": 616, "column": 27 }
      },
      "616": {
        "start": { "line": 617, "column": 0 },
        "end": { "line": 617, "column": 40 }
      },
      "617": {
        "start": { "line": 618, "column": 0 },
        "end": { "line": 618, "column": 34 }
      },
      "619": {
        "start": { "line": 620, "column": 0 },
        "end": { "line": 620, "column": 73 }
      },
      "621": {
        "start": { "line": 622, "column": 0 },
        "end": { "line": 622, "column": 33 }
      },
      "622": {
        "start": { "line": 623, "column": 0 },
        "end": { "line": 623, "column": 68 }
      },
      "623": {
        "start": { "line": 624, "column": 0 },
        "end": { "line": 624, "column": 5 }
      },
      "625": {
        "start": { "line": 626, "column": 0 },
        "end": { "line": 626, "column": 42 }
      },
      "626": {
        "start": { "line": 627, "column": 0 },
        "end": { "line": 627, "column": 32 }
      },
      "627": {
        "start": { "line": 628, "column": 0 },
        "end": { "line": 628, "column": 67 }
      },
      "628": {
        "start": { "line": 629, "column": 0 },
        "end": { "line": 629, "column": 66 }
      },
      "629": {
        "start": { "line": 630, "column": 0 },
        "end": { "line": 630, "column": 75 }
      },
      "630": {
        "start": { "line": 631, "column": 0 },
        "end": { "line": 631, "column": 6 }
      },
      "632": {
        "start": { "line": 633, "column": 0 },
        "end": { "line": 633, "column": 58 }
      },
      "635": {
        "start": { "line": 636, "column": 0 },
        "end": { "line": 636, "column": 51 }
      },
      "636": {
        "start": { "line": 637, "column": 0 },
        "end": { "line": 637, "column": 90 }
      },
      "639": {
        "start": { "line": 640, "column": 0 },
        "end": { "line": 640, "column": 56 }
      },
      "640": {
        "start": { "line": 641, "column": 0 },
        "end": { "line": 641, "column": 44 }
      },
      "642": {
        "start": { "line": 643, "column": 0 },
        "end": { "line": 643, "column": 32 }
      },
      "645": {
        "start": { "line": 646, "column": 0 },
        "end": { "line": 646, "column": 33 }
      },
      "646": {
        "start": { "line": 647, "column": 0 },
        "end": { "line": 647, "column": 29 }
      },
      "647": {
        "start": { "line": 648, "column": 0 },
        "end": { "line": 648, "column": 26 }
      },
      "648": {
        "start": { "line": 649, "column": 0 },
        "end": { "line": 649, "column": 32 }
      },
      "649": {
        "start": { "line": 650, "column": 0 },
        "end": { "line": 650, "column": 29 }
      },
      "650": {
        "start": { "line": 651, "column": 0 },
        "end": { "line": 651, "column": 31 }
      },
      "651": {
        "start": { "line": 652, "column": 0 },
        "end": { "line": 652, "column": 11 }
      },
      "652": {
        "start": { "line": 653, "column": 0 },
        "end": { "line": 653, "column": 7 }
      },
      "654": {
        "start": { "line": 655, "column": 0 },
        "end": { "line": 655, "column": 11 }
      },
      "656": {
        "start": { "line": 657, "column": 0 },
        "end": { "line": 657, "column": 76 }
      },
      "658": {
        "start": { "line": 659, "column": 0 },
        "end": { "line": 659, "column": 24 }
      },
      "660": {
        "start": { "line": 661, "column": 0 },
        "end": { "line": 661, "column": 57 }
      },
      "661": {
        "start": { "line": 662, "column": 0 },
        "end": { "line": 662, "column": 39 }
      },
      "662": {
        "start": { "line": 663, "column": 0 },
        "end": { "line": 663, "column": 11 }
      },
      "663": {
        "start": { "line": 664, "column": 0 },
        "end": { "line": 664, "column": 46 }
      },
      "665": {
        "start": { "line": 666, "column": 0 },
        "end": { "line": 666, "column": 28 }
      },
      "667": {
        "start": { "line": 668, "column": 0 },
        "end": { "line": 668, "column": 31 }
      },
      "668": {
        "start": { "line": 669, "column": 0 },
        "end": { "line": 669, "column": 28 }
      },
      "669": {
        "start": { "line": 670, "column": 0 },
        "end": { "line": 670, "column": 36 }
      },
      "670": {
        "start": { "line": 671, "column": 0 },
        "end": { "line": 671, "column": 31 }
      },
      "671": {
        "start": { "line": 672, "column": 0 },
        "end": { "line": 672, "column": 33 }
      },
      "672": {
        "start": { "line": 673, "column": 0 },
        "end": { "line": 673, "column": 16 }
      },
      "673": {
        "start": { "line": 674, "column": 0 },
        "end": { "line": 674, "column": 13 }
      },
      "674": {
        "start": { "line": 675, "column": 0 },
        "end": { "line": 675, "column": 9 }
      },
      "675": {
        "start": { "line": 676, "column": 0 },
        "end": { "line": 676, "column": 23 }
      },
      "676": {
        "start": { "line": 677, "column": 0 },
        "end": { "line": 677, "column": 31 }
      },
      "677": {
        "start": { "line": 678, "column": 0 },
        "end": { "line": 678, "column": 28 }
      },
      "678": {
        "start": { "line": 679, "column": 0 },
        "end": { "line": 679, "column": 33 }
      },
      "679": {
        "start": { "line": 680, "column": 0 },
        "end": { "line": 680, "column": 31 }
      },
      "680": {
        "start": { "line": 681, "column": 0 },
        "end": { "line": 681, "column": 33 }
      },
      "681": {
        "start": { "line": 682, "column": 0 },
        "end": { "line": 682, "column": 34 }
      },
      "682": {
        "start": { "line": 683, "column": 0 },
        "end": { "line": 683, "column": 13 }
      },
      "683": {
        "start": { "line": 684, "column": 0 },
        "end": { "line": 684, "column": 9 }
      },
      "685": {
        "start": { "line": 686, "column": 0 },
        "end": { "line": 686, "column": 45 }
      },
      "686": {
        "start": { "line": 687, "column": 0 },
        "end": { "line": 687, "column": 22 }
      },
      "687": {
        "start": { "line": 688, "column": 0 },
        "end": { "line": 688, "column": 9 }
      },
      "688": {
        "start": { "line": 689, "column": 0 },
        "end": { "line": 689, "column": 32 }
      },
      "689": {
        "start": { "line": 690, "column": 0 },
        "end": { "line": 690, "column": 110 }
      },
      "690": {
        "start": { "line": 691, "column": 0 },
        "end": { "line": 691, "column": 25 }
      },
      "691": {
        "start": { "line": 692, "column": 0 },
        "end": { "line": 692, "column": 16 }
      },
      "692": {
        "start": { "line": 693, "column": 0 },
        "end": { "line": 693, "column": 10 }
      },
      "693": {
        "start": { "line": 694, "column": 0 },
        "end": { "line": 694, "column": 7 }
      },
      "694": {
        "start": { "line": 695, "column": 0 },
        "end": { "line": 695, "column": 5 }
      },
      "697": {
        "start": { "line": 698, "column": 0 },
        "end": { "line": 698, "column": 37 }
      },
      "698": {
        "start": { "line": 699, "column": 0 },
        "end": { "line": 699, "column": 39 }
      },
      "699": {
        "start": { "line": 700, "column": 0 },
        "end": { "line": 700, "column": 29 }
      },
      "700": {
        "start": { "line": 701, "column": 0 },
        "end": { "line": 701, "column": 55 }
      },
      "701": {
        "start": { "line": 702, "column": 0 },
        "end": { "line": 702, "column": 7 }
      },
      "703": {
        "start": { "line": 704, "column": 0 },
        "end": { "line": 704, "column": 45 }
      },
      "704": {
        "start": { "line": 705, "column": 0 },
        "end": { "line": 705, "column": 66 }
      },
      "706": {
        "start": { "line": 707, "column": 0 },
        "end": { "line": 707, "column": 63 }
      },
      "707": {
        "start": { "line": 708, "column": 0 },
        "end": { "line": 708, "column": 44 }
      },
      "708": {
        "start": { "line": 709, "column": 0 },
        "end": { "line": 709, "column": 9 }
      },
      "709": {
        "start": { "line": 710, "column": 0 },
        "end": { "line": 710, "column": 52 }
      },
      "711": {
        "start": { "line": 712, "column": 0 },
        "end": { "line": 712, "column": 37 }
      },
      "713": {
        "start": { "line": 714, "column": 0 },
        "end": { "line": 714, "column": 29 }
      },
      "714": {
        "start": { "line": 715, "column": 0 },
        "end": { "line": 715, "column": 26 }
      },
      "715": {
        "start": { "line": 716, "column": 0 },
        "end": { "line": 716, "column": 35 }
      },
      "716": {
        "start": { "line": 717, "column": 0 },
        "end": { "line": 717, "column": 32 }
      },
      "717": {
        "start": { "line": 718, "column": 0 },
        "end": { "line": 718, "column": 11 }
      },
      "718": {
        "start": { "line": 719, "column": 0 },
        "end": { "line": 719, "column": 7 }
      },
      "719": {
        "start": { "line": 720, "column": 0 },
        "end": { "line": 720, "column": 5 }
      },
      "721": {
        "start": { "line": 722, "column": 0 },
        "end": { "line": 722, "column": 27 }
      },
      "722": {
        "start": { "line": 723, "column": 0 },
        "end": { "line": 723, "column": 24 }
      },
      "723": {
        "start": { "line": 724, "column": 0 },
        "end": { "line": 724, "column": 26 }
      },
      "724": {
        "start": { "line": 725, "column": 0 },
        "end": { "line": 725, "column": 20 }
      },
      "725": {
        "start": { "line": 726, "column": 0 },
        "end": { "line": 726, "column": 9 }
      },
      "726": {
        "start": { "line": 727, "column": 0 },
        "end": { "line": 727, "column": 5 }
      },
      "728": {
        "start": { "line": 729, "column": 0 },
        "end": { "line": 729, "column": 12 }
      },
      "729": {
        "start": { "line": 730, "column": 0 },
        "end": { "line": 730, "column": 16 }
      },
      "730": {
        "start": { "line": 731, "column": 0 },
        "end": { "line": 731, "column": 18 }
      },
      "731": {
        "start": { "line": 732, "column": 0 },
        "end": { "line": 732, "column": 34 }
      },
      "732": {
        "start": { "line": 733, "column": 0 },
        "end": { "line": 733, "column": 31 }
      },
      "733": {
        "start": { "line": 734, "column": 0 },
        "end": { "line": 734, "column": 6 }
      },
      "734": {
        "start": { "line": 735, "column": 0 },
        "end": { "line": 735, "column": 3 }
      },
      "746": {
        "start": { "line": 747, "column": 0 },
        "end": { "line": 747, "column": 25 }
      },
      "747": {
        "start": { "line": 748, "column": 0 },
        "end": { "line": 748, "column": 16 }
      },
      "748": {
        "start": { "line": 749, "column": 0 },
        "end": { "line": 749, "column": 25 }
      },
      "749": {
        "start": { "line": 750, "column": 0 },
        "end": { "line": 750, "column": 18 }
      },
      "750": {
        "start": { "line": 751, "column": 0 },
        "end": { "line": 751, "column": 40 }
      },
      "751": {
        "start": { "line": 752, "column": 0 },
        "end": { "line": 752, "column": 34 }
      },
      "752": {
        "start": { "line": 753, "column": 0 },
        "end": { "line": 753, "column": 9 }
      },
      "753": {
        "start": { "line": 754, "column": 0 },
        "end": { "line": 754, "column": 73 }
      },
      "754": {
        "start": { "line": 755, "column": 0 },
        "end": { "line": 755, "column": 12 }
      },
      "755": {
        "start": { "line": 756, "column": 0 },
        "end": { "line": 756, "column": 21 }
      },
      "756": {
        "start": { "line": 757, "column": 0 },
        "end": { "line": 757, "column": 14 }
      },
      "757": {
        "start": { "line": 758, "column": 0 },
        "end": { "line": 758, "column": 21 }
      },
      "759": {
        "start": { "line": 760, "column": 0 },
        "end": { "line": 760, "column": 63 }
      },
      "762": {
        "start": { "line": 763, "column": 0 },
        "end": { "line": 763, "column": 37 }
      },
      "763": {
        "start": { "line": 764, "column": 0 },
        "end": { "line": 764, "column": 72 }
      },
      "764": {
        "start": { "line": 765, "column": 0 },
        "end": { "line": 765, "column": 52 }
      },
      "766": {
        "start": { "line": 767, "column": 0 },
        "end": { "line": 767, "column": 14 }
      },
      "767": {
        "start": { "line": 768, "column": 0 },
        "end": { "line": 768, "column": 36 }
      },
      "768": {
        "start": { "line": 769, "column": 0 },
        "end": { "line": 769, "column": 30 }
      },
      "769": {
        "start": { "line": 770, "column": 0 },
        "end": { "line": 770, "column": 40 }
      },
      "770": {
        "start": { "line": 771, "column": 0 },
        "end": { "line": 771, "column": 8 }
      },
      "771": {
        "start": { "line": 772, "column": 0 },
        "end": { "line": 772, "column": 21 }
      },
      "772": {
        "start": { "line": 773, "column": 0 },
        "end": { "line": 773, "column": 30 }
      },
      "773": {
        "start": { "line": 774, "column": 0 },
        "end": { "line": 774, "column": 48 }
      },
      "774": {
        "start": { "line": 775, "column": 0 },
        "end": { "line": 775, "column": 31 }
      },
      "775": {
        "start": { "line": 776, "column": 0 },
        "end": { "line": 776, "column": 14 }
      },
      "776": {
        "start": { "line": 777, "column": 0 },
        "end": { "line": 777, "column": 8 }
      },
      "777": {
        "start": { "line": 778, "column": 0 },
        "end": { "line": 778, "column": 5 }
      },
      "778": {
        "start": { "line": 779, "column": 0 },
        "end": { "line": 779, "column": 3 }
      },
      "789": {
        "start": { "line": 790, "column": 0 },
        "end": { "line": 790, "column": 26 }
      },
      "790": {
        "start": { "line": 791, "column": 0 },
        "end": { "line": 791, "column": 28 }
      },
      "791": {
        "start": { "line": 792, "column": 0 },
        "end": { "line": 792, "column": 20 }
      },
      "792": {
        "start": { "line": 793, "column": 0 },
        "end": { "line": 793, "column": 40 }
      },
      "793": {
        "start": { "line": 794, "column": 0 },
        "end": { "line": 794, "column": 34 }
      },
      "794": {
        "start": { "line": 795, "column": 0 },
        "end": { "line": 795, "column": 9 }
      },
      "795": {
        "start": { "line": 796, "column": 0 },
        "end": { "line": 796, "column": 74 }
      },
      "796": {
        "start": { "line": 797, "column": 0 },
        "end": { "line": 797, "column": 34 }
      },
      "797": {
        "start": { "line": 798, "column": 0 },
        "end": { "line": 798, "column": 26 }
      },
      "798": {
        "start": { "line": 799, "column": 0 },
        "end": { "line": 799, "column": 21 }
      },
      "800": {
        "start": { "line": 801, "column": 0 },
        "end": { "line": 801, "column": 63 }
      },
      "803": {
        "start": { "line": 804, "column": 0 },
        "end": { "line": 804, "column": 37 }
      },
      "804": {
        "start": { "line": 805, "column": 0 },
        "end": { "line": 805, "column": 72 }
      },
      "805": {
        "start": { "line": 806, "column": 0 },
        "end": { "line": 806, "column": 52 }
      },
      "807": {
        "start": { "line": 808, "column": 0 },
        "end": { "line": 808, "column": 14 }
      },
      "808": {
        "start": { "line": 809, "column": 0 },
        "end": { "line": 809, "column": 36 }
      },
      "809": {
        "start": { "line": 810, "column": 0 },
        "end": { "line": 810, "column": 30 }
      },
      "810": {
        "start": { "line": 811, "column": 0 },
        "end": { "line": 811, "column": 40 }
      },
      "811": {
        "start": { "line": 812, "column": 0 },
        "end": { "line": 812, "column": 8 }
      },
      "812": {
        "start": { "line": 813, "column": 0 },
        "end": { "line": 813, "column": 21 }
      },
      "813": {
        "start": { "line": 814, "column": 0 },
        "end": { "line": 814, "column": 30 }
      },
      "814": {
        "start": { "line": 815, "column": 0 },
        "end": { "line": 815, "column": 49 }
      },
      "815": {
        "start": { "line": 816, "column": 0 },
        "end": { "line": 816, "column": 31 }
      },
      "816": {
        "start": { "line": 817, "column": 0 },
        "end": { "line": 817, "column": 14 }
      },
      "817": {
        "start": { "line": 818, "column": 0 },
        "end": { "line": 818, "column": 8 }
      },
      "818": {
        "start": { "line": 819, "column": 0 },
        "end": { "line": 819, "column": 5 }
      },
      "819": {
        "start": { "line": 820, "column": 0 },
        "end": { "line": 820, "column": 3 }
      },
      "828": {
        "start": { "line": 829, "column": 0 },
        "end": { "line": 829, "column": 14 }
      },
      "829": {
        "start": { "line": 830, "column": 0 },
        "end": { "line": 830, "column": 18 }
      },
      "830": {
        "start": { "line": 831, "column": 0 },
        "end": { "line": 831, "column": 18 }
      },
      "831": {
        "start": { "line": 832, "column": 0 },
        "end": { "line": 832, "column": 40 }
      },
      "832": {
        "start": { "line": 833, "column": 0 },
        "end": { "line": 833, "column": 34 }
      },
      "833": {
        "start": { "line": 834, "column": 0 },
        "end": { "line": 834, "column": 9 }
      },
      "834": {
        "start": { "line": 835, "column": 0 },
        "end": { "line": 835, "column": 72 }
      },
      "837": {
        "start": { "line": 838, "column": 0 },
        "end": { "line": 838, "column": 37 }
      },
      "838": {
        "start": { "line": 839, "column": 0 },
        "end": { "line": 839, "column": 68 }
      },
      "839": {
        "start": { "line": 840, "column": 0 },
        "end": { "line": 840, "column": 48 }
      },
      "841": {
        "start": { "line": 842, "column": 0 },
        "end": { "line": 842, "column": 14 }
      },
      "842": {
        "start": { "line": 843, "column": 0 },
        "end": { "line": 843, "column": 36 }
      },
      "843": {
        "start": { "line": 844, "column": 0 },
        "end": { "line": 844, "column": 30 }
      },
      "844": {
        "start": { "line": 845, "column": 0 },
        "end": { "line": 845, "column": 40 }
      },
      "845": {
        "start": { "line": 846, "column": 0 },
        "end": { "line": 846, "column": 8 }
      },
      "846": {
        "start": { "line": 847, "column": 0 },
        "end": { "line": 847, "column": 21 }
      },
      "847": {
        "start": { "line": 848, "column": 0 },
        "end": { "line": 848, "column": 30 }
      },
      "848": {
        "start": { "line": 849, "column": 0 },
        "end": { "line": 849, "column": 36 }
      },
      "849": {
        "start": { "line": 850, "column": 0 },
        "end": { "line": 850, "column": 29 }
      },
      "850": {
        "start": { "line": 851, "column": 0 },
        "end": { "line": 851, "column": 14 }
      },
      "851": {
        "start": { "line": 852, "column": 0 },
        "end": { "line": 852, "column": 8 }
      },
      "852": {
        "start": { "line": 853, "column": 0 },
        "end": { "line": 853, "column": 5 }
      },
      "853": {
        "start": { "line": 854, "column": 0 },
        "end": { "line": 854, "column": 3 }
      },
      "879": {
        "start": { "line": 880, "column": 0 },
        "end": { "line": 880, "column": 30 }
      },
      "880": {
        "start": { "line": 881, "column": 0 },
        "end": { "line": 881, "column": 30 }
      },
      "881": {
        "start": { "line": 882, "column": 0 },
        "end": { "line": 882, "column": 27 }
      },
      "882": {
        "start": { "line": 883, "column": 0 },
        "end": { "line": 883, "column": 40 }
      },
      "883": {
        "start": { "line": 884, "column": 0 },
        "end": { "line": 884, "column": 27 }
      },
      "885": {
        "start": { "line": 886, "column": 0 },
        "end": { "line": 886, "column": 73 }
      },
      "886": {
        "start": { "line": 887, "column": 0 },
        "end": { "line": 887, "column": 33 }
      },
      "887": {
        "start": { "line": 888, "column": 0 },
        "end": { "line": 888, "column": 68 }
      },
      "888": {
        "start": { "line": 889, "column": 0 },
        "end": { "line": 889, "column": 5 }
      },
      "892": {
        "start": { "line": 893, "column": 0 },
        "end": { "line": 893, "column": 59 }
      },
      "893": {
        "start": { "line": 894, "column": 0 },
        "end": { "line": 894, "column": 30 }
      },
      "894": {
        "start": { "line": 895, "column": 0 },
        "end": { "line": 895, "column": 100 }
      },
      "895": {
        "start": { "line": 896, "column": 0 },
        "end": { "line": 896, "column": 32 }
      },
      "896": {
        "start": { "line": 897, "column": 0 },
        "end": { "line": 897, "column": 8 }
      },
      "897": {
        "start": { "line": 898, "column": 0 },
        "end": { "line": 898, "column": 5 }
      },
      "899": {
        "start": { "line": 900, "column": 0 },
        "end": { "line": 900, "column": 58 }
      },
      "902": {
        "start": { "line": 903, "column": 0 },
        "end": { "line": 903, "column": 51 }
      },
      "903": {
        "start": { "line": 904, "column": 0 },
        "end": { "line": 904, "column": 90 }
      },
      "905": {
        "start": { "line": 906, "column": 0 },
        "end": { "line": 906, "column": 71 }
      },
      "907": {
        "start": { "line": 908, "column": 0 },
        "end": { "line": 908, "column": 9 }
      },
      "910": {
        "start": { "line": 911, "column": 0 },
        "end": { "line": 911, "column": 75 }
      },
      "915": {
        "start": { "line": 916, "column": 0 },
        "end": { "line": 916, "column": 39 }
      },
      "918": {
        "start": { "line": 919, "column": 0 },
        "end": { "line": 919, "column": 58 }
      },
      "921": {
        "start": { "line": 922, "column": 0 },
        "end": { "line": 922, "column": 48 }
      },
      "922": {
        "start": { "line": 923, "column": 0 },
        "end": { "line": 923, "column": 19 }
      },
      "923": {
        "start": { "line": 924, "column": 0 },
        "end": { "line": 924, "column": 71 }
      },
      "924": {
        "start": { "line": 925, "column": 0 },
        "end": { "line": 925, "column": 8 }
      },
      "926": {
        "start": { "line": 927, "column": 0 },
        "end": { "line": 927, "column": 61 }
      },
      "927": {
        "start": { "line": 928, "column": 0 },
        "end": { "line": 928, "column": 48 }
      },
      "929": {
        "start": { "line": 930, "column": 0 },
        "end": { "line": 930, "column": 14 }
      },
      "930": {
        "start": { "line": 931, "column": 0 },
        "end": { "line": 931, "column": 12 }
      },
      "931": {
        "start": { "line": 932, "column": 0 },
        "end": { "line": 932, "column": 31 }
      },
      "932": {
        "start": { "line": 933, "column": 0 },
        "end": { "line": 933, "column": 20 }
      },
      "933": {
        "start": { "line": 934, "column": 0 },
        "end": { "line": 934, "column": 23 }
      },
      "934": {
        "start": { "line": 935, "column": 0 },
        "end": { "line": 935, "column": 26 }
      },
      "935": {
        "start": { "line": 936, "column": 0 },
        "end": { "line": 936, "column": 8 }
      },
      "936": {
        "start": { "line": 937, "column": 0 },
        "end": { "line": 937, "column": 21 }
      },
      "937": {
        "start": { "line": 938, "column": 0 },
        "end": { "line": 938, "column": 30 }
      },
      "938": {
        "start": { "line": 939, "column": 0 },
        "end": { "line": 939, "column": 55 }
      },
      "939": {
        "start": { "line": 940, "column": 0 },
        "end": { "line": 940, "column": 29 }
      },
      "940": {
        "start": { "line": 941, "column": 0 },
        "end": { "line": 941, "column": 14 }
      },
      "941": {
        "start": { "line": 942, "column": 0 },
        "end": { "line": 942, "column": 8 }
      },
      "942": {
        "start": { "line": 943, "column": 0 },
        "end": { "line": 943, "column": 5 }
      },
      "943": {
        "start": { "line": 944, "column": 0 },
        "end": { "line": 944, "column": 3 }
      },
      "948": {
        "start": { "line": 949, "column": 0 },
        "end": { "line": 949, "column": 44 }
      },
      "951": {
        "start": { "line": 952, "column": 0 },
        "end": { "line": 952, "column": 5 }
      },
      "952": {
        "start": { "line": 953, "column": 0 },
        "end": { "line": 953, "column": 73 }
      },
      "953": {
        "start": { "line": 954, "column": 0 },
        "end": { "line": 954, "column": 33 }
      },
      "954": {
        "start": { "line": 955, "column": 0 },
        "end": { "line": 955, "column": 25 }
      },
      "956": {
        "start": { "line": 957, "column": 0 },
        "end": { "line": 957, "column": 37 }
      },
      "957": {
        "start": { "line": 958, "column": 0 },
        "end": { "line": 958, "column": 24 }
      },
      "958": {
        "start": { "line": 959, "column": 0 },
        "end": { "line": 959, "column": 37 }
      },
      "959": {
        "start": { "line": 960, "column": 0 },
        "end": { "line": 960, "column": 5 }
      },
      "961": {
        "start": { "line": 962, "column": 0 },
        "end": { "line": 962, "column": 35 }
      },
      "962": {
        "start": { "line": 963, "column": 0 },
        "end": { "line": 963, "column": 3 }
      },
      "963": {
        "start": { "line": 964, "column": 0 },
        "end": { "line": 964, "column": 1 }
      }
    },
    "s": {
      "0": 0,
      "72": 0,
      "74": 0,
      "77": 0,
      "78": 0,
      "79": 0,
      "80": 0,
      "82": 0,
      "83": 0,
      "86": 0,
      "87": 0,
      "88": 0,
      "89": 0,
      "92": 0,
      "93": 0,
      "94": 0,
      "95": 0,
      "98": 0,
      "99": 0,
      "100": 0,
      "101": 0,
      "104": 0,
      "105": 0,
      "106": 0,
      "107": 0,
      "110": 0,
      "111": 0,
      "112": 0,
      "113": 0,
      "116": 0,
      "117": 0,
      "118": 0,
      "136": 0,
      "137": 0,
      "138": 0,
      "139": 0,
      "140": 0,
      "141": 0,
      "142": 0,
      "143": 0,
      "169": 0,
      "189": 0,
      "190": 0,
      "191": 0,
      "192": 0,
      "193": 0,
      "194": 0,
      "195": 0,
      "196": 0,
      "197": 0,
      "198": 0,
      "199": 0,
      "200": 0,
      "201": 0,
      "202": 0,
      "203": 0,
      "204": 0,
      "212": 0,
      "213": 0,
      "214": 0,
      "215": 0,
      "223": 0,
      "228": 0,
      "229": 0,
      "230": 0,
      "231": 0,
      "232": 0,
      "233": 0,
      "234": 0,
      "235": 0,
      "236": 0,
      "248": 0,
      "249": 0,
      "250": 0,
      "251": 0,
      "258": 0,
      "259": 0,
      "260": 0,
      "261": 0,
      "263": 0,
      "264": 0,
      "266": 0,
      "267": 0,
      "268": 0,
      "269": 0,
      "270": 0,
      "271": 0,
      "274": 0,
      "275": 0,
      "276": 0,
      "279": 0,
      "280": 0,
      "281": 0,
      "282": 0,
      "283": 0,
      "284": 0,
      "285": 0,
      "286": 0,
      "287": 0,
      "290": 0,
      "291": 0,
      "292": 0,
      "295": 0,
      "296": 0,
      "297": 0,
      "298": 0,
      "299": 0,
      "300": 0,
      "301": 0,
      "302": 0,
      "303": 0,
      "304": 0,
      "306": 0,
      "307": 0,
      "308": 0,
      "309": 0,
      "310": 0,
      "311": 0,
      "312": 0,
      "313": 0,
      "314": 0,
      "317": 0,
      "318": 0,
      "319": 0,
      "320": 0,
      "321": 0,
      "322": 0,
      "323": 0,
      "324": 0,
      "325": 0,
      "327": 0,
      "328": 0,
      "329": 0,
      "332": 0,
      "333": 0,
      "334": 0,
      "335": 0,
      "336": 0,
      "337": 0,
      "338": 0,
      "339": 0,
      "340": 0,
      "341": 0,
      "343": 0,
      "344": 0,
      "345": 0,
      "346": 0,
      "347": 0,
      "348": 0,
      "349": 0,
      "350": 0,
      "351": 0,
      "352": 0,
      "353": 0,
      "354": 0,
      "355": 0,
      "356": 0,
      "357": 0,
      "358": 0,
      "359": 0,
      "362": 0,
      "363": 0,
      "364": 0,
      "365": 0,
      "366": 0,
      "367": 0,
      "368": 0,
      "369": 0,
      "370": 0,
      "399": 0,
      "400": 0,
      "401": 0,
      "411": 0,
      "412": 0,
      "413": 0,
      "414": 0,
      "415": 0,
      "417": 0,
      "418": 0,
      "419": 0,
      "420": 0,
      "423": 0,
      "425": 0,
      "426": 0,
      "427": 0,
      "428": 0,
      "429": 0,
      "430": 0,
      "431": 0,
      "433": 0,
      "434": 0,
      "435": 0,
      "440": 0,
      "441": 0,
      "442": 0,
      "443": 0,
      "444": 0,
      "445": 0,
      "446": 0,
      "447": 0,
      "449": 0,
      "452": 0,
      "453": 0,
      "456": 0,
      "457": 0,
      "459": 0,
      "461": 0,
      "462": 0,
      "463": 0,
      "464": 0,
      "467": 0,
      "468": 0,
      "469": 0,
      "471": 0,
      "472": 0,
      "473": 0,
      "474": 0,
      "475": 0,
      "476": 0,
      "477": 0,
      "478": 0,
      "479": 0,
      "480": 0,
      "481": 0,
      "482": 0,
      "483": 0,
      "484": 0,
      "485": 0,
      "490": 0,
      "491": 0,
      "492": 0,
      "493": 0,
      "494": 0,
      "495": 0,
      "496": 0,
      "497": 0,
      "498": 0,
      "499": 0,
      "500": 0,
      "501": 0,
      "503": 0,
      "506": 0,
      "507": 0,
      "509": 0,
      "512": 0,
      "513": 0,
      "514": 0,
      "515": 0,
      "516": 0,
      "517": 0,
      "518": 0,
      "519": 0,
      "521": 0,
      "522": 0,
      "523": 0,
      "524": 0,
      "525": 0,
      "526": 0,
      "527": 0,
      "529": 0,
      "530": 0,
      "531": 0,
      "532": 0,
      "534": 0,
      "536": 0,
      "537": 0,
      "538": 0,
      "539": 0,
      "540": 0,
      "541": 0,
      "542": 0,
      "543": 0,
      "544": 0,
      "545": 0,
      "546": 0,
      "547": 0,
      "548": 0,
      "549": 0,
      "550": 0,
      "551": 0,
      "552": 0,
      "553": 0,
      "554": 0,
      "555": 0,
      "558": 0,
      "559": 0,
      "560": 0,
      "561": 0,
      "562": 0,
      "564": 0,
      "565": 0,
      "567": 0,
      "568": 0,
      "569": 0,
      "570": 0,
      "572": 0,
      "574": 0,
      "575": 0,
      "576": 0,
      "577": 0,
      "578": 0,
      "579": 0,
      "580": 0,
      "582": 0,
      "583": 0,
      "584": 0,
      "586": 0,
      "588": 0,
      "589": 0,
      "590": 0,
      "591": 0,
      "592": 0,
      "593": 0,
      "594": 0,
      "595": 0,
      "596": 0,
      "597": 0,
      "598": 0,
      "612": 0,
      "613": 0,
      "614": 0,
      "615": 0,
      "616": 0,
      "617": 0,
      "619": 0,
      "621": 0,
      "622": 0,
      "623": 0,
      "625": 0,
      "626": 0,
      "627": 0,
      "628": 0,
      "629": 0,
      "630": 0,
      "632": 0,
      "635": 0,
      "636": 0,
      "639": 0,
      "640": 0,
      "642": 0,
      "645": 0,
      "646": 0,
      "647": 0,
      "648": 0,
      "649": 0,
      "650": 0,
      "651": 0,
      "652": 0,
      "654": 0,
      "656": 0,
      "658": 0,
      "660": 0,
      "661": 0,
      "662": 0,
      "663": 0,
      "665": 0,
      "667": 0,
      "668": 0,
      "669": 0,
      "670": 0,
      "671": 0,
      "672": 0,
      "673": 0,
      "674": 0,
      "675": 0,
      "676": 0,
      "677": 0,
      "678": 0,
      "679": 0,
      "680": 0,
      "681": 0,
      "682": 0,
      "683": 0,
      "685": 0,
      "686": 0,
      "687": 0,
      "688": 0,
      "689": 0,
      "690": 0,
      "691": 0,
      "692": 0,
      "693": 0,
      "694": 0,
      "697": 0,
      "698": 0,
      "699": 0,
      "700": 0,
      "701": 0,
      "703": 0,
      "704": 0,
      "706": 0,
      "707": 0,
      "708": 0,
      "709": 0,
      "711": 0,
      "713": 0,
      "714": 0,
      "715": 0,
      "716": 0,
      "717": 0,
      "718": 0,
      "719": 0,
      "721": 0,
      "722": 0,
      "723": 0,
      "724": 0,
      "725": 0,
      "726": 0,
      "728": 0,
      "729": 0,
      "730": 0,
      "731": 0,
      "732": 0,
      "733": 0,
      "734": 0,
      "746": 0,
      "747": 0,
      "748": 0,
      "749": 0,
      "750": 0,
      "751": 0,
      "752": 0,
      "753": 0,
      "754": 0,
      "755": 0,
      "756": 0,
      "757": 0,
      "759": 0,
      "762": 0,
      "763": 0,
      "764": 0,
      "766": 0,
      "767": 0,
      "768": 0,
      "769": 0,
      "770": 0,
      "771": 0,
      "772": 0,
      "773": 0,
      "774": 0,
      "775": 0,
      "776": 0,
      "777": 0,
      "778": 0,
      "789": 0,
      "790": 0,
      "791": 0,
      "792": 0,
      "793": 0,
      "794": 0,
      "795": 0,
      "796": 0,
      "797": 0,
      "798": 0,
      "800": 0,
      "803": 0,
      "804": 0,
      "805": 0,
      "807": 0,
      "808": 0,
      "809": 0,
      "810": 0,
      "811": 0,
      "812": 0,
      "813": 0,
      "814": 0,
      "815": 0,
      "816": 0,
      "817": 0,
      "818": 0,
      "819": 0,
      "828": 0,
      "829": 0,
      "830": 0,
      "831": 0,
      "832": 0,
      "833": 0,
      "834": 0,
      "837": 0,
      "838": 0,
      "839": 0,
      "841": 0,
      "842": 0,
      "843": 0,
      "844": 0,
      "845": 0,
      "846": 0,
      "847": 0,
      "848": 0,
      "849": 0,
      "850": 0,
      "851": 0,
      "852": 0,
      "853": 0,
      "879": 0,
      "880": 0,
      "881": 0,
      "882": 0,
      "883": 0,
      "885": 0,
      "886": 0,
      "887": 0,
      "888": 0,
      "892": 0,
      "893": 0,
      "894": 0,
      "895": 0,
      "896": 0,
      "897": 0,
      "899": 0,
      "902": 0,
      "903": 0,
      "905": 0,
      "907": 0,
      "910": 0,
      "915": 0,
      "918": 0,
      "921": 0,
      "922": 0,
      "923": 0,
      "924": 0,
      "926": 0,
      "927": 0,
      "929": 0,
      "930": 0,
      "931": 0,
      "932": 0,
      "933": 0,
      "934": 0,
      "935": 0,
      "936": 0,
      "937": 0,
      "938": 0,
      "939": 0,
      "940": 0,
      "941": 0,
      "942": 0,
      "943": 0,
      "948": 0,
      "951": 0,
      "952": 0,
      "953": 0,
      "954": 0,
      "956": 0,
      "957": 0,
      "958": 0,
      "959": 0,
      "961": 0,
      "962": 0,
      "963": 0
    },
    "branchMap": {
      "0": {
        "type": "branch",
        "line": 1,
        "loc": {
          "start": { "line": 1, "column": 28675 },
          "end": { "line": 964, "column": 1 }
        },
        "locations": [
          {
            "start": { "line": 1, "column": 28675 },
            "end": { "line": 964, "column": 1 }
          }
        ]
      }
    },
    "b": { "0": [0] },
    "fnMap": {
      "0": {
        "name": "(empty-report)",
        "decl": {
          "start": { "line": 1, "column": 28675 },
          "end": { "line": 964, "column": 1 }
        },
        "loc": {
          "start": { "line": 1, "column": 28675 },
          "end": { "line": 964, "column": 1 }
        },
        "line": 1
      }
    },
    "f": { "0": 0 }
  },
  "/Users/naren/DevBox/polkadot-bulletin-chain/sdk/typescript/src/chunker.ts": {
    "path": "/Users/naren/DevBox/polkadot-bulletin-chain/sdk/typescript/src/chunker.ts",
    "all": false,
    "statementMap": {
      "0": {
        "start": { "line": 1, "column": 0 },
        "end": { "line": 1, "column": 46 }
      },
      "15": {
        "start": { "line": 16, "column": 0 },
        "end": { "line": 16, "column": 46 }
      },
      "18": {
        "start": { "line": 19, "column": 0 },
        "end": { "line": 19, "column": 46 }
      },
      "23": {
        "start": { "line": 24, "column": 0 },
        "end": { "line": 24, "column": 31 }
      },
      "26": {
        "start": { "line": 27, "column": 0 },
        "end": { "line": 27, "column": 48 }
      },
      "27": {
        "start": { "line": 28, "column": 0 },
        "end": { "line": 28, "column": 59 }
      },
      "30": {
        "start": { "line": 31, "column": 0 },
        "end": { "line": 31, "column": 37 }
      },
      "31": {
        "start": { "line": 32, "column": 0 },
        "end": { "line": 32, "column": 30 }
      },
      "32": {
        "start": { "line": 33, "column": 0 },
        "end": { "line": 33, "column": 44 }
      },
      "33": {
        "start": { "line": 34, "column": 0 },
        "end": { "line": 34, "column": 25 }
      },
      "34": {
        "start": { "line": 35, "column": 0 },
        "end": { "line": 35, "column": 8 }
      },
      "35": {
        "start": { "line": 36, "column": 0 },
        "end": { "line": 36, "column": 5 }
      },
      "36": {
        "start": { "line": 37, "column": 0 },
        "end": { "line": 37, "column": 49 }
      },
      "37": {
        "start": { "line": 38, "column": 0 },
        "end": { "line": 38, "column": 30 }
      },
      "38": {
        "start": { "line": 39, "column": 0 },
        "end": { "line": 39, "column": 96 }
      },
      "39": {
        "start": { "line": 40, "column": 0 },
        "end": { "line": 40, "column": 26 }
      },
      "40": {
        "start": { "line": 41, "column": 0 },
        "end": { "line": 41, "column": 8 }
      },
      "41": {
        "start": { "line": 42, "column": 0 },
        "end": { "line": 42, "column": 5 }
      },
      "42": {
        "start": { "line": 43, "column": 0 },
        "end": { "line": 43, "column": 3 }
      },
      "47": {
        "start": { "line": 48, "column": 0 },
        "end": { "line": 48, "column": 36 }
      },
      "48": {
        "start": { "line": 49, "column": 0 },
        "end": { "line": 49, "column": 28 }
      },
      "49": {
        "start": { "line": 50, "column": 0 },
        "end": { "line": 50, "column": 68 }
      },
      "50": {
        "start": { "line": 51, "column": 0 },
        "end": { "line": 51, "column": 5 }
      },
      "51": {
        "start": { "line": 52, "column": 0 },
        "end": { "line": 52, "column": 38 }
      },
      "52": {
        "start": { "line": 53, "column": 0 },
        "end": { "line": 53, "column": 30 }
      },
      "53": {
        "start": { "line": 54, "column": 0 },
        "end": { "line": 54, "column": 93 }
      },
      "54": {
        "start": { "line": 55, "column": 0 },
        "end": { "line": 55, "column": 25 }
      },
      "55": {
        "start": { "line": 56, "column": 0 },
        "end": { "line": 56, "column": 8 }
      },
      "56": {
        "start": { "line": 57, "column": 0 },
        "end": { "line": 57, "column": 5 }
      },
      "58": {
        "start": { "line": 59, "column": 0 },
        "end": { "line": 59, "column": 31 }
      },
      "59": {
        "start": { "line": 60, "column": 0 },
        "end": { "line": 60, "column": 52 }
      },
      "61": {
        "start": { "line": 62, "column": 0 },
        "end": { "line": 62, "column": 43 }
      },
      "62": {
        "start": { "line": 63, "column": 0 },
        "end": { "line": 63, "column": 46 }
      },
      "63": {
        "start": { "line": 64, "column": 0 },
        "end": { "line": 64, "column": 71 }
      },
      "64": {
        "start": { "line": 65, "column": 0 },
        "end": { "line": 65, "column": 47 }
      },
      "66": {
        "start": { "line": 67, "column": 0 },
        "end": { "line": 67, "column": 19 }
      },
      "67": {
        "start": { "line": 68, "column": 0 },
        "end": { "line": 68, "column": 24 }
      },
      "68": {
        "start": { "line": 69, "column": 0 },
        "end": { "line": 69, "column": 17 }
      },
      "69": {
        "start": { "line": 70, "column": 0 },
        "end": { "line": 70, "column": 20 }
      },
      "70": {
        "start": { "line": 71, "column": 0 },
        "end": { "line": 71, "column": 9 }
      },
      "71": {
        "start": { "line": 72, "column": 0 },
        "end": { "line": 72, "column": 5 }
      },
      "73": {
        "start": { "line": 74, "column": 0 },
        "end": { "line": 74, "column": 18 }
      },
      "74": {
        "start": { "line": 75, "column": 0 },
        "end": { "line": 75, "column": 3 }
      },
      "79": {
        "start": { "line": 80, "column": 0 },
        "end": { "line": 80, "column": 39 }
      },
      "80": {
        "start": { "line": 81, "column": 0 },
        "end": { "line": 81, "column": 33 }
      },
      "81": {
        "start": { "line": 82, "column": 0 },
        "end": { "line": 82, "column": 55 }
      },
      "82": {
        "start": { "line": 83, "column": 0 },
        "end": { "line": 83, "column": 3 }
      },
      "87": {
        "start": { "line": 88, "column": 0 },
        "end": { "line": 88, "column": 27 }
      },
      "88": {
        "start": { "line": 89, "column": 0 },
        "end": { "line": 89, "column": 33 }
      },
      "89": {
        "start": { "line": 90, "column": 0 },
        "end": { "line": 90, "column": 3 }
      },
      "90": {
        "start": { "line": 91, "column": 0 },
        "end": { "line": 91, "column": 1 }
      }
    },
    "s": {
      "0": 1,
      "15": 1,
      "18": 1,
      "23": 1,
      "26": 1,
      "27": 8,
      "30": 8,
      "31": 1,
      "32": 1,
      "33": 1,
      "34": 1,
      "35": 1,
      "36": 8,
      "37": 1,
      "38": 1,
      "39": 1,
      "40": 1,
      "41": 1,
      "42": 8,
      "47": 1,
      "48": 4,
      "49": 0,
      "50": 0,
      "51": 4,
      "52": 0,
      "53": 0,
      "54": 0,
      "55": 0,
      "56": 0,
      "58": 4,
      "59": 4,
      "61": 4,
      "62": 12,
      "63": 12,
      "64": 12,
      "66": 12,
      "67": 12,
      "68": 12,
[...]
      }
    },
    "s": {
      "12": 1,
      "14": 1,
      "16": 1,
      "18": 1,
      "24": 1,
      "26": 1,
      "28": 1,
      "30": 1,
      "51": 1,
      "52": 1,
      "53": 1,
      "54": 1,
      "55": 1,
      "102": 1,
      "103": 1,
      "104": 1,
      "105": 1,
      "106": 1,
      "160": 1,
      "162": 1,
      "164": 1,
      "214": 1,
      "215": 1,
      "216": 26,
      "217": 26,
      "218": 26,
      "219": 26,
      "220": 26,
      "221": 26,
      "222": 26,
      "223": 1
    },
    "branchMap": {
      "0": {
        "type": "branch",
        "line": 13,
        "loc": {
          "start": { "line": 13, "column": 7 },
          "end": { "line": 13, "column": 22 }
        },
        "locations": [
          {
            "start": { "line": 13, "column": 7 },
            "end": { "line": 13, "column": 22 }
          }
        ]
      },
      "1": {
        "type": "branch",
        "line": 25,
        "loc": {
          "start": { "line": 25, "column": 7 },
          "end": { "line": 25, "column": 27 }
        },
        "locations": [
          {
            "start": { "line": 25, "column": 7 },
            "end": { "line": 25, "column": 27 }
          }
        ]
      },
      "2": {
        "type": "branch",
        "line": 161,
        "loc": {
          "start": { "line": 161, "column": 7 },
          "end": { "line": 161, "column": 32 }
        },
        "locations": [
          {
            "start": { "line": 161, "column": 7 },
            "end": { "line": 161, "column": 32 }
          }
        ]
      },
      "3": {
        "type": "branch",
        "line": 216,
        "loc": {
          "start": { "line": 216, "column": 2 },
          "end": { "line": 223, "column": 3 }
        },
        "locations": [
          {
            "start": { "line": 216, "column": 2 },
            "end": { "line": 223, "column": 3 }
          }
        ]
      }
    },
    "b": { "0": [3], "1": [3], "2": [3], "3": [26] },
    "fnMap": {
      "0": {
        "name": "BulletinError",
        "decl": {
          "start": { "line": 216, "column": 2 },
          "end": { "line": 223, "column": 3 }
        },
        "loc": {
          "start": { "line": 216, "column": 2 },
          "end": { "line": 223, "column": 3 }
        },
        "line": 216
      }
    },
    "f": { "0": 26 }
  },
  "/Users/naren/DevBox/polkadot-bulletin-chain/sdk/typescript/src/utils.ts": {
    "path": "/Users/naren/DevBox/polkadot-bulletin-chain/sdk/typescript/src/utils.ts",
    "all": false,
    "statementMap": {
      "0": {
        "start": { "line": 1, "column": 0 },
        "end": { "line": 1, "column": 46 }
      },
      "19": {
        "start": { "line": 20, "column": 0 },
        "end": { "line": 20, "column": 37 }
      },
      "20": {
        "start": { "line": 21, "column": 0 },
        "end": { "line": 21, "column": 19 }
      },
      "21": {
        "start": { "line": 22, "column": 0 },
        "end": { "line": 22, "column": 31 }
      },
      "22": {
        "start": { "line": 23, "column": 0 },
        "end": { "line": 23, "column": 24 }
      },
      "23": {
        "start": { "line": 24, "column": 0 },
        "end": { "line": 24, "column": 26 }
      },
      "24": {
        "start": { "line": 25, "column": 0 },
        "end": { "line": 25, "column": 36 }
      },
      "25": {
        "start": { "line": 26, "column": 0 },
        "end": { "line": 26, "column": 31 }
      },
      "26": {
        "start": { "line": 27, "column": 0 },
        "end": { "line": 27, "column": 5 }
      },
      "27": {
        "start": { "line": 28, "column": 0 },
        "end": { "line": 28, "column": 34 }
      },
      "28": {
        "start": { "line": 29, "column": 0 },
        "end": { "line": 29, "column": 31 }
      },
      "29": {
        "start": { "line": 30, "column": 0 },
        "end": { "line": 30, "column": 5 }
      },
      "30": {
        "start": { "line": 31, "column": 0 },
        "end": { "line": 31, "column": 33 }
      },
      "33": {
        "start": { "line": 34, "column": 0 },
        "end": { "line": 34, "column": 30 }
      },
      "34": {
        "start": { "line": 35, "column": 0 },
        "end": { "line": 35, "column": 74 }
      },
      "35": {
        "start": { "line": 36, "column": 0 },
        "end": { "line": 36, "column": 37 }
      },
      "36": {
        "start": { "line": 37, "column": 0 },
        "end": { "line": 37, "column": 8 }
      },
      "37": {
        "start": { "line": 38, "column": 0 },
        "end": { "line": 38, "column": 12 }
      },
      "38": {
        "start": { "line": 39, "column": 0 },
        "end": { "line": 39, "column": 30 }
      },
      "39": {
        "start": { "line": 40, "column": 0 },
        "end": { "line": 40, "column": 55 }
      },
      "40": {
        "start": { "line": 41, "column": 0 },
        "end": { "line": 41, "column": 33 }
      },
      "41": {
        "start": { "line": 42, "column": 0 },
        "end": { "line": 42, "column": 8 }
      },
      "42": {
        "start": { "line": 43, "column": 0 },
        "end": { "line": 43, "column": 3 }
      },
      "43": {
        "start": { "line": 44, "column": 0 },
        "end": { "line": 44, "column": 1 }
      },
      "50": {
        "start": { "line": 51, "column": 0 },
        "end": { "line": 51, "column": 35 }
      },
      "51": {
        "start": { "line": 52, "column": 0 },
        "end": { "line": 52, "column": 19 }
      },
      "52": {
        "start": { "line": 53, "column": 0 },
        "end": { "line": 53, "column": 26 }
      },
      "53": {
        "start": { "line": 54, "column": 0 },
        "end": { "line": 54, "column": 58 }
      },
      "54": {
        "start": { "line": 55, "column": 0 },
        "end": { "line": 55, "column": 17 }
      },
      "55": {
        "start": { "line": 56, "column": 0 },
        "end": { "line": 56, "column": 7 }
      },
      "57": {
        "start": { "line": 58, "column": 0 },
        "end": { "line": 58, "column": 59 }
      },
      "60": {
        "start": { "line": 61, "column": 0 },
        "end": { "line": 61, "column": 50 }
      },
      "63": {
        "start": { "line": 64, "column": 0 },
        "end": { "line": 64, "column": 38 }
      },
      "64": {
        "start": { "line": 65, "column": 0 },
        "end": { "line": 65, "column": 19 }
      },
      "65": {
        "start": { "line": 66, "column": 0 },
        "end": { "line": 66, "column": 28 }
      },
      "66": {
        "start": { "line": 67, "column": 0 },
        "end": { "line": 67, "column": 42 }
      },
      "67": {
        "start": { "line": 68, "column": 0 },
        "end": { "line": 68, "column": 31 }
      },
      "68": {
        "start": { "line": 69, "column": 0 },
        "end": { "line": 69, "column": 12 }
      },
      "69": {
        "start": { "line": 70, "column": 0 },
        "end": { "line": 70, "column": 6 }
      },
      "70": {
        "start": { "line": 71, "column": 0 },
        "end": { "line": 71, "column": 3 }
      },
      "71": {
        "start": { "line": 72, "column": 0 },
        "end": { "line": 72, "column": 1 }
      },
      "76": {
        "start": { "line": 77, "column": 0 },
        "end": { "line": 77, "column": 61 }
      },
      "77": {
        "start": { "line": 78, "column": 0 },
        "end": { "line": 78, "column": 47 }
      },
      "78": {
        "start": { "line": 79, "column": 0 },
        "end": { "line": 79, "column": 1 }
      },
      "83": {
        "start": { "line": 84, "column": 0 },
        "end": { "line": 84, "column": 50 }
      },
      "84": {
        "start": { "line": 85, "column": 0 },
        "end": { "line": 85, "column": 7 }
      },
      "85": {
        "start": { "line": 86, "column": 0 },
        "end": { "line": 86, "column": 32 }
      },
      "86": {
        "start": { "line": 87, "column": 0 },
        "end": { "line": 87, "column": 19 }
      },
      "87": {
        "start": { "line": 88, "column": 0 },
        "end": { "line": 88, "column": 28 }
      },
      "88": {
        "start": { "line": 89, "column": 0 },
        "end": { "line": 89, "column": 38 }
      },
      "89": {
        "start": { "line": 90, "column": 0 },
        "end": { "line": 90, "column": 20 }
      },
      "90": {
        "start": { "line": 91, "column": 0 },
        "end": { "line": 91, "column": 12 }
      },
      "91": {
        "start": { "line": 92, "column": 0 },
        "end": { "line": 92, "column": 6 }
      },
      "92": {
        "start": { "line": 93, "column": 0 },
        "end": { "line": 93, "column": 3 }
      },
      "93": {
        "start": { "line": 94, "column": 0 },
        "end": { "line": 94, "column": 1 }
      },
      "98": {
        "start": { "line": 99, "column": 0 },
        "end": { "line": 99, "column": 54 }
      },
      "99": {
        "start": { "line": 100, "column": 0 },
        "end": { "line": 100, "column": 7 }
      },
      "100": {
        "start": { "line": 101, "column": 0 },
        "end": { "line": 101, "column": 29 }
      },
      "101": {
        "start": { "line": 102, "column": 0 },
        "end": { "line": 102, "column": 19 }
      },
      "102": {
        "start": { "line": 103, "column": 0 },
        "end": { "line": 103, "column": 28 }
      },
      "103": {
        "start": { "line": 104, "column": 0 },
        "end": { "line": 104, "column": 50 }
      },
      "104": {
        "start": { "line": 105, "column": 0 },
        "end": { "line": 105, "column": 20 }
      },
      "105": {
        "start": { "line": 106, "column": 0 },
        "end": { "line": 106, "column": 12 }
      },
      "106": {
        "start": { "line": 107, "column": 0 },
        "end": { "line": 107, "column": 6 }
      },
      "107": {
        "start": { "line": 108, "column": 0 },
        "end": { "line": 108, "column": 3 }
      },
      "108": {
        "start": { "line": 109, "column": 0 },
        "end": { "line": 109, "column": 1 }
      },
      "113": {
        "start": { "line": 114, "column": 0 },
        "end": { "line": 114, "column": 50 }
      },
      "114": {
        "start": { "line": 115, "column": 0 },
        "end": { "line": 115, "column": 19 }
      },
      "115": {
        "start": { "line": 116, "column": 0 },
        "end": { "line": 116, "column": 1 }
      },
      "122": {
        "start": { "line": 123, "column": 0 },
        "end": { "line": 123, "column": 55 }
      },
      "123": {
        "start": { "line": 124, "column": 0 },
        "end": { "line": 124, "column": 18 }
      },
      "124": {
        "start": { "line": 125, "column": 0 },
        "end": { "line": 125, "column": 28 }
      },
      "125": {
        "start": { "line": 126, "column": 0 },
        "end": { "line": 126, "column": 36 }
      },
      "126": {
        "start": { "line": 127, "column": 0 },
        "end": { "line": 127, "column": 27 }
      },
      "127": {
        "start": { "line": 128, "column": 0 },
        "end": { "line": 128, "column": 6 }
      },
      "128": {
        "start": { "line": 129, "column": 0 },
        "end": { "line": 129, "column": 3 }
      },
      "130": {
        "start": { "line": 131, "column": 0 },
        "end": { "line": 131, "column": 30 }
      },
      "131": {
        "start": { "line": 132, "column": 0 },
        "end": { "line": 132, "column": 28 }
      },
      "132": {
        "start": { "line": 133, "column": 0 },
        "end": { "line": 133, "column": 73 }
      },
      "133": {
        "start": { "line": 134, "column": 0 },
        "end": { "line": 134, "column": 24 }
      },
      "134": {
        "start": { "line": 135, "column": 0 },
        "end": { "line": 135, "column": 6 }
      },
      "135": {
        "start": { "line": 136, "column": 0 },
        "end": { "line": 136, "column": 3 }
      },
      "136": {
        "start": { "line": 137, "column": 0 },
        "end": { "line": 137, "column": 1 }
      }
    },
    "s": {
      "0": 1,
      "19": 1,
      "20": 1,
      "21": 1,
      "22": 1,
      "23": 1,
      "24": 1,
      "25": 0,
      "26": 0,
      "27": 1,
      "28": 0,
      "29": 0,
      "30": 1,
      "33": 1,
      "34": 1,
      "35": 1,
      "36": 1,
      "37": 1,
      "38": 0,
      "39": 0,
      "40": 0,
      "41": 0,
      "42": 1,
      "43": 1,
      "50": 1,
      "51": 1,
      "52": 1,
      "53": 1,
      "54": 1,
      "55": 1,
      "57": 1,
      "60": 0,
      "63": 0,
      "64": 1,
      "65": 1,
      "66": 1,
      "67": 1,
      "68": 1,
      "69": 1,
      "70": 1,
      "71": 1,
      "76": 1,
      "77": 0,
      "78": 0,
      "83": 1,
      "84": 3,
      "85": 3,
      "86": 3,
      "87": 3,
      "88": 3,
      "89": 3,
      "90": 3,
      "91": 3,
      "92": 3,
      "93": 3,
      "98": 1,
      "99": 2,
      "100": 2,
      "101": 2,
      "102": 2,
      "103": 2,
      "104": 2,
      "105": 2,
      "106": 2,
      "107": 2,
      "108": 2,
      "113": 1,
      "114": 0,
      "115": 0,
      "122": 1,
      "123": 5,
      "124": 2,
      "125": 2,
      "126": 2,
      "127": 2,
      "128": 2,
      "130": 5,
      "131": 1,
      "132": 1,
      "133": 1,
      "134": 1,
      "135": 1,
      "136": 5
    },
    "branchMap": {
      "0": {
        "type": "branch",
        "line": 20,
        "loc": {
          "start": { "line": 20, "column": 0 },
          "end": { "line": 44, "column": 1 }
        },
        "locations": [
          {
            "start": { "line": 20, "column": 0 },
            "end": { "line": 44, "column": 1 }
          }
        ]
      },
      "1": {
        "type": "branch",
        "line": 25,
        "loc": {
          "start": { "line": 25, "column": 4 },
          "end": { "line": 27, "column": 5 }
        },
        "locations": [
          {
            "start": { "line": 25, "column": 4 },
            "end": { "line": 27, "column": 5 }
          }
        ]
      },
      "2": {
        "type": "branch",
        "line": 28,
        "loc": {
          "start": { "line": 28, "column": 4 },
          "end": { "line": 30, "column": 5 }
        },
        "locations": [
          {
            "start": { "line": 28, "column": 4 },
            "end": { "line": 30, "column": 5 }
          }
        ]
      },
      "3": {
        "type": "branch",
        "line": 38,
        "loc": {
          "start": { "line": 38, "column": 4 },
          "end": { "line": 42, "column": 8 }
        },
        "locations": [
          {
            "start": { "line": 38, "column": 4 },
            "end": { "line": 42, "column": 8 }
          }
        ]
      },
      "4": {
        "type": "branch",
        "line": 51,
        "loc": {
          "start": { "line": 51, "column": 0 },
          "end": { "line": 72, "column": 1 }
        },
        "locations": [
          {
            "start": { "line": 51, "column": 0 },
            "end": { "line": 72, "column": 1 }
          }
        ]
      },
      "5": {
        "type": "branch",
        "line": 58,
        "loc": {
          "start": { "line": 58, "column": 57 },
          "end": { "line": 65, "column": 11 }
        },
        "locations": [
          {
            "start": { "line": 58, "column": 57 },
            "end": { "line": 65, "column": 11 }
          }
        ]
      },
      "6": {
        "type": "branch",
        "line": 84,
        "loc": {
          "start": { "line": 84, "column": 7 },
          "end": { "line": 94, "column": 1 }
        },
        "locations": [
          {
            "start": { "line": 84, "column": 7 },
            "end": { "line": 94, "column": 1 }
          }
        ]
      },
      "7": {
        "type": "branch",
        "line": 99,
        "loc": {
          "start": { "line": 99, "column": 7 },
          "end": { "line": 109, "column": 1 }
        },
        "locations": [
          {
            "start": { "line": 99, "column": 7 },
            "end": { "line": 109, "column": 1 }
          }
        ]
      },
      "8": {
        "type": "branch",
        "line": 123,
        "loc": {
          "start": { "line": 123, "column": 7 },
          "end": { "line": 137, "column": 1 }
        },
        "locations": [
          {
            "start": { "line": 123, "column": 7 },
            "end": { "line": 137, "column": 1 }
          }
        ]
      },
      "9": {
        "type": "branch",
        "line": 124,
        "loc": {
          "start": { "line": 124, "column": 17 },
          "end": { "line": 129, "column": 3 }
        },
        "locations": [
          {
            "start": { "line": 124, "column": 17 },
            "end": { "line": 129, "column": 3 }
          }
        ]
      },
      "10": {
        "type": "branch",
        "line": 129,
        "loc": {
          "start": { "line": 129, "column": 2 },
          "end": { "line": 131, "column": 29 }
        },
        "locations": [
          {
            "start": { "line": 129, "column": 2 },
            "end": { "line": 131, "column": 29 }
          }
        ]
      },
      "11": {
        "type": "branch",
        "line": 131,
        "loc": {
          "start": { "line": 131, "column": 29 },
          "end": { "line": 136, "column": 3 }
        },
        "locations": [
          {
            "start": { "line": 131, "column": 29 },
            "end": { "line": 136, "column": 3 }
          }
        ]
      }
    },
    "b": {
      "0": [1],
      "1": [0],
      "2": [0],
      "3": [0],
      "4": [1],
      "5": [0],
      "6": [3],
      "7": [2],
      "8": [5],
      "9": [2],
      "10": [3],
      "11": [1]
    },
    "fnMap": {
      "0": {
        "name": "getContentHash",
        "decl": {
          "start": { "line": 20, "column": 0 },
          "end": { "line": 44, "column": 1 }
        },
        "loc": {
          "start": { "line": 20, "column": 0 },
          "end": { "line": 44, "column": 1 }
        },
        "line": 20
      },
      "1": {
        "name": "calculateCid",
        "decl": {
          "start": { "line": 51, "column": 0 },
          "end": { "line": 72, "column": 1 }
        },
        "loc": {
          "start": { "line": 51, "column": 0 },
          "end": { "line": 72, "column": 1 }
        },
        "line": 51
      },
      "2": {
        "name": "convertCid",
        "decl": {
          "start": { "line": 77, "column": 7 },
          "end": { "line": 79, "column": 1 }
        },
        "loc": {
          "start": { "line": 77, "column": 7 },
          "end": { "line": 79, "column": 1 }
        },
        "line": 77
      },
      "3": {
        "name": "parseCid",
        "decl": {
          "start": { "line": 84, "column": 7 },
          "end": { "line": 94, "column": 1 }
        },
        "loc": {
          "start": { "line": 84, "column": 7 },
          "end": { "line": 94, "column": 1 }
        },
        "line": 84
      },
      "4": {
        "name": "cidFromBytes",
        "decl": {
          "start": { "line": 99, "column": 7 },
          "end": { "line": 109, "column": 1 }
        },
        "loc": {
          "start": { "line": 99, "column": 7 },
          "end": { "line": 109, "column": 1 }
        },
        "line": 99
      },
      "5": {
        "name": "cidToBytes",
        "decl": {
          "start": { "line": 114, "column": 7 },
          "end": { "line": 116, "column": 1 }
        },
        "loc": {
          "start": { "line": 114, "column": 7 },
          "end": { "line": 116, "column": 1 }
        },
        "line": 114
      },
      "6": {
        "name": "validateChunkSize",
        "decl": {
          "start": { "line": 123, "column": 7 },
          "end": { "line": 137, "column": 1 }
        },
        "loc": {
          "start": { "line": 123, "column": 7 },
          "end": { "line": 137, "column": 1 }
        },
        "line": 123
      }
    },
    "f": { "0": 1, "1": 1, "2": 0, "3": 3, "4": 2, "5": 0, "6": 5 }
  }
}
